Arguments: 
  C:\Program Files\nodejs\node.exe C:\Program Files (x86)\Yarn\bin\yarn.js start

PATH: 
  C:\Program Files\Git\mingw64\bin;C:\Program Files\Git\usr\bin;C:\Users\dell-2019\bin;C:\ProgramData\Oracle\Java\javapath;C:\Program Files (x86)\NVIDIA Corporation\PhysX\Common;C:\WINDOWS\system32;C:\WINDOWS;C:\WINDOWS\System32\Wbem;C:\WINDOWS\System32\WindowsPowerShell\v1.0;C:\Program Files\Git\cmd;C:\Program Files\nodejs;C:\Program Files\Java\jdk-13.0.1\bin;C:\WINDOWS\System32\OpenSSH;C:\xampp\php;C:\wget;C:\ProgramData\ComposerSetup\bin;C:\webdrivers;C:\Program Files\Docker\Docker\resources\bin;C:\ProgramData\DockerDesktop\version-bin;C:\flutter\bin;C:\MinGW\bin;C:\Program Files (x86)\Yarn\bin;C:\Users\dell-2019\AppData\Local\Programs\Python\Python38\Scripts;C:\Users\dell-2019\AppData\Local\Programs\Python\Python38;C:\Program Files (x86)\Microsoft VS Code\bin;C:\Users\dell-2019\AppData\Local\Programs\Microsoft VS Code\bin;C:\Users\dell-2019\AppData\Roaming\Composer\vendor\bin;C:\Users\dell-2019\AppData\Roaming\npm;C:\Users\dell-2019\Documents\scrscpy;C:\Program Files\heroku\bin;C:\Users\dell-2019\AppData\Local\Yarn\bin;C:\Program Files\PostgreSQL\13\bin

Yarn version: 
  1.22.5

Node version: 
  12.14.0

Platform: 
  win32 x64

Trace: 
  SyntaxError: C:\Users\dell-2019\Desktop\spotify-jwt\package.json: Unexpected token } in JSON at position 836
      at JSON.parse (<anonymous>)
      at C:\Program Files (x86)\Yarn\lib\cli.js:1625:59
      at Generator.next (<anonymous>)
      at step (C:\Program Files (x86)\Yarn\lib\cli.js:310:30)
      at C:\Program Files (x86)\Yarn\lib\cli.js:321:13

npm manifest: 
  {
     "name": "server",
     "version": "0.0.1",
     "description": "Spotify API server.",
     "devDependencies": {
        "@types/body-parser": "^1.19.0",
        "@types/cookie-parser": "^1.4.2",
        "@types/express": "^4.17.9",
        "@types/jsonwebtoken": "^8.5.0",
        "@types/node": "^14.14.9",
        "@types/query-string": "^6.3.0",
        "nodemon": "^2.0.6",
        "ts-node": "9.0.0",
        "typescript": "4.1.2"
     },
     "dependencies": {
        "@types/cors": "^2.8.8",
        "@types/request": "^2.48.5",
        "@types/spotify-web-api-node": "^4.0.2",
        "body-parser": "^1.19.0",
        "cookie-parser": "^1.4.5",
        "cors": "^2.8.5",
        "dotenv": "^8.2.0",
        "express": "^4.17.1",
        "jsonwebtoken": "^8.5.1",
        "query-string": "^6.13.7",
        "request": "^2.88.2",
        "spotify-web-api-node": "^5.0.0",
     },
     "scripts": {
        "start": "nodemon --exec ts-node --transpile-only src/server.ts"
     }
  }

yarn manifest: 
  No manifest

Lockfile: 
  No lockfile
